2026-04-05 13:44:18 - __main__ - INFO - Starting the ingestion pipeline...
2026-04-05 13:44:18 - app.ingestion.raw_article_loader - INFO - Starting th raw article ingestion.....
2026-04-05 13:44:19 - app.ingestion.raw_article_loader - INFO - Fetched 160 articles
2026-04-05 13:44:19 - app.ingestion.raw_article_loader - INFO - 160 articles after deduplication.
2026-04-05 13:44:19 - app.db.raw_articles_repository - INFO - Inserting 160 raw articles into the database.
2026-04-05 13:44:19 - app.db.raw_articles_repository - ERROR - Error Inserting the raw articles into the databas
Traceback (most recent call last):
  File "C:\Users\CHETHAN KUMAR\OneDrive\Documents\CodinStuff\AI\automation_bot\twitter-automation-bot\app\db\raw_articles_repository.py", line 51, in insert_raw_articles
    execute_values(cursor, query, values)
  File "C:\Users\CHETHAN KUMAR\OneDrive\Documents\CodinStuff\AI\automation_bot\twitter-automation-bot\.venv\Lib\site-packages\psycopg2\extras.py", line 1299, in execute_values
    cur.execute(b''.join(parts))
psycopg2.errors.InvalidColumnReference: there is no unique or exclusion constraint matching the ON CONFLICT specification

2026-04-05 13:44:19 - app.ingestion.raw_article_loader - ERROR - Failed to insert articles: there is no unique or exclusion constraint matching the ON CONFLICT specification

2026-04-05 13:50:00 - __main__ - INFO - Starting the ingestion pipeline...
2026-04-05 13:50:00 - app.ingestion.raw_article_loader - INFO - Starting th raw article ingestion.....
2026-04-05 13:50:01 - app.ingestion.raw_article_loader - INFO - Fetched 160 articles
2026-04-05 13:50:01 - app.ingestion.raw_article_loader - INFO - 160 articles after deduplication.
2026-04-05 13:50:01 - app.db.raw_articles_repository - INFO - Inserting 160 raw articles into the database.
2026-04-05 13:50:01 - app.db.raw_articles_repository - INFO - Inseted 160 raw articles into the database.
2026-04-05 13:50:01 - app.ingestion.raw_article_loader - INFO - Inserted 160 new articles into the database.
2026-04-05 13:50:01 - __main__ - INFO - Ingestion pipeline completed. 160 articles processed.
2026-04-05 13:54:27 - __main__ - INFO - Starting the ingestion pipeline...
2026-04-05 13:54:27 - app.ingestion.raw_article_loader - INFO - Starting th raw article ingestion.....
2026-04-05 13:54:29 - app.ingestion.raw_article_loader - INFO - Fetched 187 articles
2026-04-05 13:54:29 - app.ingestion.raw_article_loader - INFO - 187 articles after deduplication.
2026-04-05 13:54:29 - app.db.raw_articles_repository - INFO - Inserting 187 raw articles into the database.
2026-04-05 13:54:29 - app.db.raw_articles_repository - INFO - Inseted 187 raw articles into the database.
2026-04-05 13:54:29 - app.ingestion.raw_article_loader - INFO - Inserted 187 new articles into the database.
2026-04-05 13:54:29 - __main__ - INFO - Ingestion pipeline completed. 187 articles processed.
2026-04-05 13:56:14 - __main__ - INFO - Starting the ingestion pipeline...
2026-04-05 13:56:14 - app.ingestion.raw_article_loader - INFO - Starting th raw article ingestion.....
2026-04-05 13:56:16 - app.ingestion.raw_article_loader - INFO - Fetched 217 articles
2026-04-05 13:56:16 - app.ingestion.raw_article_loader - INFO - 217 articles after deduplication.
2026-04-05 13:56:16 - app.db.raw_articles_repository - INFO - Inserting 217 raw articles into the database.
2026-04-05 13:56:16 - app.db.raw_articles_repository - INFO - Inseted 217 raw articles into the database.
2026-04-05 13:56:16 - app.ingestion.raw_article_loader - INFO - Inserted 217 new articles into the database.
2026-04-05 13:56:16 - __main__ - INFO - Ingestion pipeline completed. 217 articles processed.
2026-04-05 13:58:58 - __main__ - INFO - Starting the ingestion pipeline...
2026-04-05 13:58:58 - app.ingestion.raw_article_loader - INFO - Starting th raw article ingestion.....
2026-04-05 13:59:00 - app.ingestion.raw_article_loader - INFO - Fetched 217 articles
2026-04-05 13:59:00 - app.ingestion.raw_article_loader - INFO - 217 articles after deduplication.
2026-04-05 13:59:00 - app.db.raw_articles_repository - INFO - Inserting 217 raw articles into the database.
2026-04-05 13:59:00 - app.db.raw_articles_repository - INFO - Inseted 217 raw articles into the database.
2026-04-05 13:59:00 - app.ingestion.raw_article_loader - INFO - Inserted 217 new articles into the database.
2026-04-05 13:59:00 - __main__ - INFO - Ingestion pipeline completed. 217 articles processed.
2026-04-05 14:03:53 - __main__ - INFO - Starting the ingestion pipeline...
2026-04-05 14:03:53 - app.ingestion.raw_article_loader - INFO - Starting th raw article ingestion.....
2026-04-05 14:03:56 - app.ingestion.raw_article_loader - INFO - Fetched 257 articles
2026-04-05 14:03:56 - app.ingestion.raw_article_loader - INFO - 257 articles after deduplication.
2026-04-05 14:03:56 - app.db.raw_articles_repository - INFO - Inserting 257 raw articles into the database.
2026-04-05 14:03:56 - app.db.raw_articles_repository - INFO - Inseted 257 raw articles into the database.
2026-04-05 14:03:56 - app.ingestion.raw_article_loader - INFO - Inserted 257 new articles into the database.
2026-04-05 14:03:56 - __main__ - INFO - Ingestion pipeline completed. 257 articles processed.
2026-04-05 14:17:54 - __main__ - INFO - Starting the ingestion pipeline...
2026-04-05 14:17:54 - app.ingestion.raw_article_loader - INFO - Starting th raw article ingestion.....
2026-04-05 14:17:56 - app.ingestion.raw_article_loader - INFO - Fetched 257 articles
2026-04-05 14:17:56 - app.ingestion.raw_article_loader - INFO - 257 articles after deduplication.
2026-04-05 14:17:56 - app.db.raw_articles_repository - INFO - Inserting 257 raw articles into the database.
2026-04-05 14:17:56 - app.db.raw_articles_repository - INFO - Inseted 257 raw articles into the database.
2026-04-05 14:17:56 - app.ingestion.raw_article_loader - INFO - Inserted 257 new articles into the database.
2026-04-05 14:17:56 - __main__ - INFO - Ingestion pipeline completed. 257 articles processed.
2026-04-05 14:18:47 - __main__ - INFO - ====================================================================================================
2026-04-05 14:18:47 - __main__ - INFO - Starting the ingestion pipeline...
2026-04-05 14:18:47 - app.ingestion.raw_article_loader - INFO - Starting th raw article ingestion.....
2026-04-05 14:18:49 - app.ingestion.raw_article_loader - INFO - Fetched 257 articles
2026-04-05 14:18:49 - app.ingestion.raw_article_loader - INFO - 257 articles after deduplication.
2026-04-05 14:18:49 - app.db.raw_articles_repository - INFO - Inserting 257 raw articles into the database.
2026-04-05 14:18:49 - app.db.raw_articles_repository - INFO - Inseted 257 raw articles into the database.
2026-04-05 14:18:49 - app.ingestion.raw_article_loader - INFO - Inserted 257 new articles into the database.
2026-04-05 14:18:49 - __main__ - INFO - Ingestion pipeline completed. 257 articles processed.
2026-04-05 14:18:49 - __main__ - INFO - ====================================================================================================
2026-04-05 14:20:33 - __main__ - INFO - ==========Starting the ingestion pipeline...==========
2026-04-05 14:20:33 - app.ingestion.raw_article_loader - INFO - Starting th raw article ingestion.....
2026-04-05 14:20:35 - app.ingestion.raw_article_loader - INFO - Fetched 257 articles
2026-04-05 14:20:35 - app.ingestion.raw_article_loader - INFO - 257 articles after deduplication.
2026-04-05 14:20:35 - app.db.raw_articles_repository - INFO - Inserting 257 raw articles into the database.
2026-04-05 14:20:36 - app.db.raw_articles_repository - INFO - Inseted 257 raw articles into the database.
2026-04-05 14:20:36 - app.ingestion.raw_article_loader - INFO - Inserted 257 new articles into the database.
2026-04-05 14:20:36 - __main__ - INFO - ==========Ingestion pipeline completed. 257 articles processed.==========
